[debug] [2024-04-30T22:00:32.819Z] ----------------------------------------------------------------------
[debug] [2024-04-30T22:00:32.822Z] Command:       C:\Program Files\nodejs\node.exe C:\Users\micro\AppData\Roaming\npm\node_modules\firebase-tools\lib\bin\firebase.js deploy --only functions
[debug] [2024-04-30T22:00:32.822Z] CLI Version:   13.7.5
[debug] [2024-04-30T22:00:32.823Z] Platform:      win32
[debug] [2024-04-30T22:00:32.823Z] Node Version:  v18.13.0
[debug] [2024-04-30T22:00:32.825Z] Time:          Tue Apr 30 2024 18:00:32 GMT-0400 (Eastern Daylight Time)
[debug] [2024-04-30T22:00:32.825Z] ----------------------------------------------------------------------
[debug] 
[debug] [2024-04-30T22:00:32.932Z] Field ".functions" in "firebase.json" is possibly invalid: should be object
[debug] [2024-04-30T22:00:32.933Z] Object ".functions[0]" in "firebase.json" has unknown property: {"additionalProperty":"rewrites"}
[debug] [2024-04-30T22:00:32.933Z] Field ".functions" in "firebase.json" is possibly invalid: should match some schema in anyOf
[debug] [2024-04-30T22:00:32.941Z] > command requires scopes: ["email","openid","https://www.googleapis.com/auth/cloudplatformprojects.readonly","https://www.googleapis.com/auth/firebase","https://www.googleapis.com/auth/cloud-platform"]
[debug] [2024-04-30T22:00:32.941Z] > authorizing via signed-in user (contact@phoenixbusorlando.com)
[debug] [2024-04-30T22:00:32.941Z] [iam] checking project phoenixintranet-8d6e8 for permissions ["cloudfunctions.functions.create","cloudfunctions.functions.delete","cloudfunctions.functions.get","cloudfunctions.functions.list","cloudfunctions.functions.update","cloudfunctions.operations.get","firebase.projects.get"]
[debug] [2024-04-30T22:00:32.943Z] > refreshing access token with scopes: []
[debug] [2024-04-30T22:00:32.946Z] >>> [apiv2][query] POST https://www.googleapis.com/oauth2/v3/token [none]
[debug] [2024-04-30T22:00:32.946Z] >>> [apiv2][body] POST https://www.googleapis.com/oauth2/v3/token [omitted]
[debug] [2024-04-30T22:00:33.251Z] <<< [apiv2][status] POST https://www.googleapis.com/oauth2/v3/token 200
[debug] [2024-04-30T22:00:33.252Z] <<< [apiv2][body] POST https://www.googleapis.com/oauth2/v3/token [omitted]
[debug] [2024-04-30T22:00:33.268Z] >>> [apiv2][query] POST https://cloudresourcemanager.googleapis.com/v1/projects/phoenixintranet-8d6e8:testIamPermissions [none]
[debug] [2024-04-30T22:00:33.268Z] >>> [apiv2][(partial)header] POST https://cloudresourcemanager.googleapis.com/v1/projects/phoenixintranet-8d6e8:testIamPermissions x-goog-quota-user=projects/phoenixintranet-8d6e8
[debug] [2024-04-30T22:00:33.268Z] >>> [apiv2][body] POST https://cloudresourcemanager.googleapis.com/v1/projects/phoenixintranet-8d6e8:testIamPermissions {"permissions":["cloudfunctions.functions.create","cloudfunctions.functions.delete","cloudfunctions.functions.get","cloudfunctions.functions.list","cloudfunctions.functions.update","cloudfunctions.operations.get","firebase.projects.get"]}
[debug] [2024-04-30T22:00:33.596Z] <<< [apiv2][status] POST https://cloudresourcemanager.googleapis.com/v1/projects/phoenixintranet-8d6e8:testIamPermissions 200
[debug] [2024-04-30T22:00:33.596Z] <<< [apiv2][body] POST https://cloudresourcemanager.googleapis.com/v1/projects/phoenixintranet-8d6e8:testIamPermissions {"permissions":["cloudfunctions.functions.create","cloudfunctions.functions.delete","cloudfunctions.functions.get","cloudfunctions.functions.list","cloudfunctions.functions.update","cloudfunctions.operations.get","firebase.projects.get"]}
[debug] [2024-04-30T22:00:33.597Z] >>> [apiv2][query] POST https://iam.googleapis.com/v1/projects/phoenixintranet-8d6e8/serviceAccounts/phoenixintranet-8d6e8@appspot.gserviceaccount.com:testIamPermissions [none]
[debug] [2024-04-30T22:00:33.597Z] >>> [apiv2][body] POST https://iam.googleapis.com/v1/projects/phoenixintranet-8d6e8/serviceAccounts/phoenixintranet-8d6e8@appspot.gserviceaccount.com:testIamPermissions {"permissions":["iam.serviceAccounts.actAs"]}
[debug] [2024-04-30T22:00:33.914Z] <<< [apiv2][status] POST https://iam.googleapis.com/v1/projects/phoenixintranet-8d6e8/serviceAccounts/phoenixintranet-8d6e8@appspot.gserviceaccount.com:testIamPermissions 200
[debug] [2024-04-30T22:00:33.914Z] <<< [apiv2][body] POST https://iam.googleapis.com/v1/projects/phoenixintranet-8d6e8/serviceAccounts/phoenixintranet-8d6e8@appspot.gserviceaccount.com:testIamPermissions {"permissions":["iam.serviceAccounts.actAs"]}
[info] 
[info] === Deploying to 'phoenixintranet-8d6e8'...
[info] 
[info] i  deploying functions 
[debug] [2024-04-30T22:00:33.920Z] >>> [apiv2][query] GET https://firebase.googleapis.com/v1beta1/projects/phoenixintranet-8d6e8 [none]
[debug] [2024-04-30T22:00:34.346Z] <<< [apiv2][status] GET https://firebase.googleapis.com/v1beta1/projects/phoenixintranet-8d6e8 200
[debug] [2024-04-30T22:00:34.346Z] <<< [apiv2][body] GET https://firebase.googleapis.com/v1beta1/projects/phoenixintranet-8d6e8 {"projectId":"phoenixintranet-8d6e8","projectNumber":"248413793990","displayName":"PhoenixIntranet","name":"projects/phoenixintranet-8d6e8","resources":{"hostingSite":"phoenixintranet-8d6e8"},"state":"ACTIVE","etag":"1_e034c9c2-024c-4cf4-81af-33b77a68fb74"}
[info] i  functions: preparing codebase default for deployment 
[info] i  functions: ensuring required API cloudfunctions.googleapis.com is enabled... 
[info] i  functions: ensuring required API cloudbuild.googleapis.com is enabled... 
[info] i  artifactregistry: ensuring required API artifactregistry.googleapis.com is enabled... 
[debug] [2024-04-30T22:00:34.350Z] >>> [apiv2][query] GET https://serviceusage.googleapis.com/v1/projects/phoenixintranet-8d6e8/services/cloudfunctions.googleapis.com [none]
[debug] [2024-04-30T22:00:34.350Z] >>> [apiv2][(partial)header] GET https://serviceusage.googleapis.com/v1/projects/phoenixintranet-8d6e8/services/cloudfunctions.googleapis.com x-goog-quota-user=projects/phoenixintranet-8d6e8
[debug] [2024-04-30T22:00:34.351Z] >>> [apiv2][query] GET https://serviceusage.googleapis.com/v1/projects/phoenixintranet-8d6e8/services/runtimeconfig.googleapis.com [none]
[debug] [2024-04-30T22:00:34.352Z] >>> [apiv2][(partial)header] GET https://serviceusage.googleapis.com/v1/projects/phoenixintranet-8d6e8/services/runtimeconfig.googleapis.com x-goog-quota-user=projects/phoenixintranet-8d6e8
[debug] [2024-04-30T22:00:34.353Z] >>> [apiv2][query] GET https://serviceusage.googleapis.com/v1/projects/phoenixintranet-8d6e8/services/cloudbuild.googleapis.com [none]
[debug] [2024-04-30T22:00:34.353Z] >>> [apiv2][(partial)header] GET https://serviceusage.googleapis.com/v1/projects/phoenixintranet-8d6e8/services/cloudbuild.googleapis.com x-goog-quota-user=projects/phoenixintranet-8d6e8
[debug] [2024-04-30T22:00:34.355Z] >>> [apiv2][query] GET https://serviceusage.googleapis.com/v1/projects/phoenixintranet-8d6e8/services/artifactregistry.googleapis.com [none]
[debug] [2024-04-30T22:00:34.355Z] >>> [apiv2][(partial)header] GET https://serviceusage.googleapis.com/v1/projects/phoenixintranet-8d6e8/services/artifactregistry.googleapis.com x-goog-quota-user=projects/phoenixintranet-8d6e8
[debug] [2024-04-30T22:00:34.820Z] <<< [apiv2][status] GET https://serviceusage.googleapis.com/v1/projects/phoenixintranet-8d6e8/services/runtimeconfig.googleapis.com 200
[debug] [2024-04-30T22:00:34.820Z] <<< [apiv2][body] GET https://serviceusage.googleapis.com/v1/projects/phoenixintranet-8d6e8/services/runtimeconfig.googleapis.com [omitted]
[debug] [2024-04-30T22:00:34.821Z] <<< [apiv2][status] GET https://serviceusage.googleapis.com/v1/projects/phoenixintranet-8d6e8/services/artifactregistry.googleapis.com 200
[debug] [2024-04-30T22:00:34.821Z] <<< [apiv2][body] GET https://serviceusage.googleapis.com/v1/projects/phoenixintranet-8d6e8/services/artifactregistry.googleapis.com [omitted]
[info] +  artifactregistry: required API artifactregistry.googleapis.com is enabled 
[debug] [2024-04-30T22:00:34.875Z] <<< [apiv2][status] GET https://serviceusage.googleapis.com/v1/projects/phoenixintranet-8d6e8/services/cloudbuild.googleapis.com 200
[debug] [2024-04-30T22:00:34.875Z] <<< [apiv2][body] GET https://serviceusage.googleapis.com/v1/projects/phoenixintranet-8d6e8/services/cloudbuild.googleapis.com [omitted]
[info] +  functions: required API cloudbuild.googleapis.com is enabled 
[debug] [2024-04-30T22:00:35.008Z] <<< [apiv2][status] GET https://serviceusage.googleapis.com/v1/projects/phoenixintranet-8d6e8/services/cloudfunctions.googleapis.com 200
[debug] [2024-04-30T22:00:35.009Z] <<< [apiv2][body] GET https://serviceusage.googleapis.com/v1/projects/phoenixintranet-8d6e8/services/cloudfunctions.googleapis.com [omitted]
[info] +  functions: required API cloudfunctions.googleapis.com is enabled 
[debug] [2024-04-30T22:00:35.010Z] >>> [apiv2][query] GET https://firebase.googleapis.com/v1beta1/projects/phoenixintranet-8d6e8/adminSdkConfig [none]
[debug] [2024-04-30T22:00:35.387Z] <<< [apiv2][status] GET https://firebase.googleapis.com/v1beta1/projects/phoenixintranet-8d6e8/adminSdkConfig 200
[debug] [2024-04-30T22:00:35.387Z] <<< [apiv2][body] GET https://firebase.googleapis.com/v1beta1/projects/phoenixintranet-8d6e8/adminSdkConfig {"projectId":"phoenixintranet-8d6e8","storageBucket":"phoenixintranet-8d6e8.appspot.com"}
[debug] [2024-04-30T22:00:35.388Z] >>> [apiv2][query] GET https://runtimeconfig.googleapis.com/v1beta1/projects/phoenixintranet-8d6e8/configs [none]
[debug] [2024-04-30T22:00:35.637Z] <<< [apiv2][status] GET https://runtimeconfig.googleapis.com/v1beta1/projects/phoenixintranet-8d6e8/configs 200
[debug] [2024-04-30T22:00:35.637Z] <<< [apiv2][body] GET https://runtimeconfig.googleapis.com/v1beta1/projects/phoenixintranet-8d6e8/configs {}
[debug] [2024-04-30T22:00:35.640Z] Validating nodejs source
[warn] !  functions: package.json indicates an outdated version of firebase-functions. Please upgrade using npm install --save firebase-functions@latest in your functions directory. 
[debug] [2024-04-30T22:00:38.322Z] > [functions] package.json contents: {
  "name": "phoenixserver",
  "version": "1.0.0",
  "description": "",
  "main": "server.js",
  "scripts": {
    "start": "nodemon server.js",
    "deploy": "firebase deploy --only functions",
    "build": "react-scripts build",
    "test": "react-scripts test",
    "eject": "react-scripts eject"
  },
  "keywords": [],
  "author": "Ygor Lopez de Rezende",
  "license": "ISC",
  "dependencies": {
    "bcrypt": "^5.1.1",
    "body-parser": "^1.20.2",
    "cookie-parser": "^1.4.6",
    "cors": "^2.8.5",
    "dotenv": "^16.3.1",
    "express": "^4.18.2",
    "firebase-admin": "^12.0.0",
    "firebase-functions": "^4.8.0",
    "jsonwebtoken": "^9.0.1",
    "nodemailer": "^6.9.13",
    "nodemon": "^3.0.1",
    "pg": "^8.11.3",
    "uuid": "^9.0.0"
  },
  "engines": {
    "node": "18"
  }
}
[debug] [2024-04-30T22:00:38.322Z] Building nodejs source
[info] i  functions: Loading and analyzing source code for codebase default to determine what to deploy 
[debug] [2024-04-30T22:00:38.324Z] Could not find functions.yaml. Must use http discovery
[debug] [2024-04-30T22:00:38.339Z] Found firebase-functions binary at 'C:\Projects\PhoenixBus\SecondApp\phoenixbus2\server\node_modules\.bin\firebase-functions'
[info] Serving at port 8312

[info] Server running on port 8000

[debug] [2024-04-30T22:00:39.544Z] Got response from /__/functions.yaml {"endpoints":{"app":{"availableMemoryMb":null,"timeoutSeconds":null,"minInstances":null,"maxInstances":null,"ingressSettings":null,"concurrency":null,"serviceAccountEmail":null,"vpc":null,"platform":"gcfv2","labels":{},"httpsTrigger":{},"entryPoint":"app"}},"specVersion":"v1alpha1","requiredAPIs":[]}
[info] i  functions: Loaded environment variables from .env. 
[info] i  functions: preparing . directory for uploading... 
[info] i  functions: packaged C:\Projects\PhoenixBus\SecondApp\phoenixbus2\server (74.02 KB) for uploading 
[debug] [2024-04-30T22:00:49.757Z] >>> [apiv2][query] GET https://cloudfunctions.googleapis.com/v1/projects/phoenixintranet-8d6e8/locations/-/functions [none]
[debug] [2024-04-30T22:00:51.668Z] <<< [apiv2][status] GET https://cloudfunctions.googleapis.com/v1/projects/phoenixintranet-8d6e8/locations/-/functions 200
[debug] [2024-04-30T22:00:51.669Z] <<< [apiv2][body] GET https://cloudfunctions.googleapis.com/v1/projects/phoenixintranet-8d6e8/locations/-/functions {}
[debug] [2024-04-30T22:00:51.670Z] >>> [apiv2][query] GET https://cloudfunctions.googleapis.com/v2/projects/phoenixintranet-8d6e8/locations/-/functions filter=environment%3D%22GEN_2%22
[debug] [2024-04-30T22:00:52.274Z] <<< [apiv2][status] GET https://cloudfunctions.googleapis.com/v2/projects/phoenixintranet-8d6e8/locations/-/functions 200
[debug] [2024-04-30T22:00:52.274Z] <<< [apiv2][body] GET https://cloudfunctions.googleapis.com/v2/projects/phoenixintranet-8d6e8/locations/-/functions {"functions":[{"name":"projects/phoenixintranet-8d6e8/locations/us-central1/functions/app","buildConfig":{"build":"projects/248413793990/locations/us-central1/builds/0bfca3cf-7e80-4308-8b4b-61e91291b5a9","runtime":"nodejs18","entryPoint":"app","source":{"storageSource":{"bucket":"gcf-v2-sources-248413793990-us-central1","object":"app/function-source.zip","generation":"1713908990840295"}},"environmentVariables":{"GOOGLE_NODE_RUN_SCRIPTS":""},"dockerRepository":"projects/phoenixintranet-8d6e8/locations/us-central1/repositories/gcf-artifacts","sourceProvenance":{"resolvedStorageSource":{"bucket":"gcf-v2-sources-248413793990-us-central1","object":"app/function-source.zip","generation":"1713908990840295"}},"dockerRegistry":"ARTIFACT_REGISTRY"},"serviceConfig":{"service":"projects/phoenixintranet-8d6e8/locations/us-central1/services/app","timeoutSeconds":60,"environmentVariables":{"USER":"ue2bdic4eegqc","PASSWORD":"u5rfgnlgg7gh","HOST":"34.174.176.130","DBPORT":"5432","DBTESTING":"dbe79qvmzdswci","DBPRODUCTION":"db1ubupugxbiyg","ACCESS_TOKEN_SECRET":"c625b7c3dae5267c375b753d2b3443e77303711e7d6da763043791c1dc00467ccac205bf335e8bd3b4c304a7c313d33eefcf732fa3278aff653dfae0d1b621fb","REFRESH_TOKEN_SECRET":"8075798ff0e82a12bb72a5f34d2672e1aba0ac82034dc3c4c2f0ec73313f587145f8d20e57c03c19555907dab24046166c2c0ea93320886743c8487de3685742","LOCALUSER":"postgres","LOCALPASSWORD":"mydatabasesqlpass","LOCALHOST":"localhost","LOCALDBNAME":"postgres","FIREBASE_CONFIG":"{\"projectId\":\"phoenixintranet-8d6e8\",\"storageBucket\":\"phoenixintranet-8d6e8.appspot.com\"}","GCLOUD_PROJECT":"phoenixintranet-8d6e8","EVENTARC_CLOUD_EVENT_SOURCE":"projects/phoenixintranet-8d6e8/locations/us-central1/services/app","FUNCTION_TARGET":"app"},"maxInstanceCount":100,"ingressSettings":"ALLOW_ALL","uri":"https://app-aybje326pa-uc.a.run.app","serviceAccountEmail":"248413793990-compute@developer.gserviceaccount.com","availableMemory":"256Mi","allTrafficOnLatestRevision":true,"revision":"app-00018-buf","maxInstanceRequestConcurrency":80,"availableCpu":"1"},"state":"ACTIVE","updateTime":"2024-04-23T21:50:51.882113441Z","labels":{"deployment-tool":"cli-firebase","firebase-functions-hash":"62048bcac9dc7314d468fb107f57a2450ee2ff8f"},"environment":"GEN_2","url":"https://us-central1-phoenixintranet-8d6e8.cloudfunctions.net/app","createTime":"2024-03-12T14:45:57.900452298Z"}]}
[info] i  functions: ensuring required API run.googleapis.com is enabled... 
[info] i  functions: ensuring required API eventarc.googleapis.com is enabled... 
[info] i  functions: ensuring required API pubsub.googleapis.com is enabled... 
[info] i  functions: ensuring required API storage.googleapis.com is enabled... 
[debug] [2024-04-30T22:00:52.280Z] >>> [apiv2][query] GET https://serviceusage.googleapis.com/v1/projects/phoenixintranet-8d6e8/services/run.googleapis.com [none]
[debug] [2024-04-30T22:00:52.280Z] >>> [apiv2][(partial)header] GET https://serviceusage.googleapis.com/v1/projects/phoenixintranet-8d6e8/services/run.googleapis.com x-goog-quota-user=projects/phoenixintranet-8d6e8
[debug] [2024-04-30T22:00:52.282Z] >>> [apiv2][query] GET https://serviceusage.googleapis.com/v1/projects/phoenixintranet-8d6e8/services/eventarc.googleapis.com [none]
[debug] [2024-04-30T22:00:52.282Z] >>> [apiv2][(partial)header] GET https://serviceusage.googleapis.com/v1/projects/phoenixintranet-8d6e8/services/eventarc.googleapis.com x-goog-quota-user=projects/phoenixintranet-8d6e8
[debug] [2024-04-30T22:00:52.284Z] >>> [apiv2][query] GET https://serviceusage.googleapis.com/v1/projects/phoenixintranet-8d6e8/services/pubsub.googleapis.com [none]
[debug] [2024-04-30T22:00:52.285Z] >>> [apiv2][(partial)header] GET https://serviceusage.googleapis.com/v1/projects/phoenixintranet-8d6e8/services/pubsub.googleapis.com x-goog-quota-user=projects/phoenixintranet-8d6e8
[debug] [2024-04-30T22:00:52.287Z] >>> [apiv2][query] GET https://serviceusage.googleapis.com/v1/projects/phoenixintranet-8d6e8/services/storage.googleapis.com [none]
[debug] [2024-04-30T22:00:52.287Z] >>> [apiv2][(partial)header] GET https://serviceusage.googleapis.com/v1/projects/phoenixintranet-8d6e8/services/storage.googleapis.com x-goog-quota-user=projects/phoenixintranet-8d6e8
[debug] [2024-04-30T22:00:52.683Z] <<< [apiv2][status] GET https://serviceusage.googleapis.com/v1/projects/phoenixintranet-8d6e8/services/run.googleapis.com 200
[debug] [2024-04-30T22:00:52.683Z] <<< [apiv2][body] GET https://serviceusage.googleapis.com/v1/projects/phoenixintranet-8d6e8/services/run.googleapis.com [omitted]
[info] +  functions: required API run.googleapis.com is enabled 
[debug] [2024-04-30T22:00:52.745Z] <<< [apiv2][status] GET https://serviceusage.googleapis.com/v1/projects/phoenixintranet-8d6e8/services/eventarc.googleapis.com 200
[debug] [2024-04-30T22:00:52.745Z] <<< [apiv2][body] GET https://serviceusage.googleapis.com/v1/projects/phoenixintranet-8d6e8/services/eventarc.googleapis.com [omitted]
[info] +  functions: required API eventarc.googleapis.com is enabled 
[debug] [2024-04-30T22:00:52.750Z] <<< [apiv2][status] GET https://serviceusage.googleapis.com/v1/projects/phoenixintranet-8d6e8/services/pubsub.googleapis.com 200
[debug] [2024-04-30T22:00:52.750Z] <<< [apiv2][body] GET https://serviceusage.googleapis.com/v1/projects/phoenixintranet-8d6e8/services/pubsub.googleapis.com [omitted]
[info] +  functions: required API pubsub.googleapis.com is enabled 
[debug] [2024-04-30T22:00:52.760Z] <<< [apiv2][status] GET https://serviceusage.googleapis.com/v1/projects/phoenixintranet-8d6e8/services/storage.googleapis.com 200
[debug] [2024-04-30T22:00:52.760Z] <<< [apiv2][body] GET https://serviceusage.googleapis.com/v1/projects/phoenixintranet-8d6e8/services/storage.googleapis.com [omitted]
[info] +  functions: required API storage.googleapis.com is enabled 
[info] i  functions: generating the service identity for pubsub.googleapis.com... 
[info] i  functions: generating the service identity for eventarc.googleapis.com... 
[debug] [2024-04-30T22:00:52.763Z] >>> [apiv2][query] POST https://serviceusage.googleapis.com/v1beta1/projects/248413793990/services/pubsub.googleapis.com:generateServiceIdentity [none]
[debug] [2024-04-30T22:00:52.765Z] >>> [apiv2][query] POST https://serviceusage.googleapis.com/v1beta1/projects/248413793990/services/eventarc.googleapis.com:generateServiceIdentity [none]
[debug] [2024-04-30T22:00:53.198Z] <<< [apiv2][status] POST https://serviceusage.googleapis.com/v1beta1/projects/248413793990/services/eventarc.googleapis.com:generateServiceIdentity 200
[debug] [2024-04-30T22:00:53.198Z] <<< [apiv2][body] POST https://serviceusage.googleapis.com/v1beta1/projects/248413793990/services/eventarc.googleapis.com:generateServiceIdentity {"name":"operations/finished.DONE_OPERATION","done":true,"response":{"@type":"type.googleapis.com/google.api.serviceusage.v1beta1.ServiceIdentity","email":"service-248413793990@gcp-sa-eventarc.iam.gserviceaccount.com","uniqueId":"110880683171654569473"}}
[debug] [2024-04-30T22:00:53.293Z] <<< [apiv2][status] POST https://serviceusage.googleapis.com/v1beta1/projects/248413793990/services/pubsub.googleapis.com:generateServiceIdentity 200
[debug] [2024-04-30T22:00:53.294Z] <<< [apiv2][body] POST https://serviceusage.googleapis.com/v1beta1/projects/248413793990/services/pubsub.googleapis.com:generateServiceIdentity {"name":"operations/finished.DONE_OPERATION","done":true,"response":{"@type":"type.googleapis.com/google.api.serviceusage.v1beta1.ServiceIdentity","email":"service-248413793990@gcp-sa-pubsub.iam.gserviceaccount.com","uniqueId":"103369830211417049013"}}
[debug] [2024-04-30T22:00:53.297Z] >>> [apiv2][query] GET https://firebase.googleapis.com/v1beta1/projects/phoenixintranet-8d6e8 [none]
[debug] [2024-04-30T22:00:53.629Z] <<< [apiv2][status] GET https://firebase.googleapis.com/v1beta1/projects/phoenixintranet-8d6e8 200
[debug] [2024-04-30T22:00:53.629Z] <<< [apiv2][body] GET https://firebase.googleapis.com/v1beta1/projects/phoenixintranet-8d6e8 {"projectId":"phoenixintranet-8d6e8","projectNumber":"248413793990","displayName":"PhoenixIntranet","name":"projects/phoenixintranet-8d6e8","resources":{"hostingSite":"phoenixintranet-8d6e8"},"state":"ACTIVE","etag":"1_e034c9c2-024c-4cf4-81af-33b77a68fb74"}
[debug] [2024-04-30T22:00:53.632Z] >>> [apiv2][query] POST https://cloudfunctions.googleapis.com/v2/projects/phoenixintranet-8d6e8/locations/us-central1/functions:generateUploadUrl [none]
[debug] [2024-04-30T22:00:54.107Z] <<< [apiv2][status] POST https://cloudfunctions.googleapis.com/v2/projects/phoenixintranet-8d6e8/locations/us-central1/functions:generateUploadUrl 200
[debug] [2024-04-30T22:00:54.107Z] <<< [apiv2][body] POST https://cloudfunctions.googleapis.com/v2/projects/phoenixintranet-8d6e8/locations/us-central1/functions:generateUploadUrl {"uploadUrl":"https://storage.googleapis.com/gcf-v2-uploads-248413793990-us-central1/7016682b-1e64-47ce-a4aa-8546b5d6ee48.zip?GoogleAccessId=service-248413793990@gcf-admin-robot.iam.gserviceaccount.com&Expires=1714516248&Signature=SFuVX5lSsfXjObeX1%2FphA1%2F5dK0jEBJ%2FAXlPfGQxSM81du%2BPUHGmN%2BqqoYN93joSjRvVdpouzw9VQJUhU%2BF2BKJ05oLQEY1jTwAZCEfGUMIGQNwt%2BVkySODK8kKU627YAvh04skPcNNjOxVCX6cj6nw5AtQ%2FNVxcTpHwhVO13I04mhndl1rFZkyrQNQzIYyB3BaOycptDwVKx%2FMQtj7u1b%2FUaHMfUXBtI3Pu0DoHG9Pv1WBKJ4Lzr02CGeZP%2Fd8O5ME8orzVohnJL3d6amMm%2BOrl7DmfgcL4g%2B7%2Ff1jW3PgkNtHed57nmjPQj0bN%2Fygq2czOM7Rwy3Hkhy%2FViMBmUw%3D%3D","storageSource":{"bucket":"gcf-v2-uploads-248413793990-us-central1","object":"7016682b-1e64-47ce-a4aa-8546b5d6ee48.zip"}}
[debug] [2024-04-30T22:00:54.108Z] >>> [apiv2][query] PUT https://storage.googleapis.com/gcf-v2-uploads-248413793990-us-central1/7016682b-1e64-47ce-a4aa-8546b5d6ee48.zip GoogleAccessId=service-248413793990%40gcf-admin-robot.iam.gserviceaccount.com&Expires=1714516248&Signature=SFuVX5lSsfXjObeX1%2FphA1%2F5dK0jEBJ%2FAXlPfGQxSM81du%2BPUHGmN%2BqqoYN93joSjRvVdpouzw9VQJUhU%2BF2BKJ05oLQEY1jTwAZCEfGUMIGQNwt%2BVkySODK8kKU627YAvh04skPcNNjOxVCX6cj6nw5AtQ%2FNVxcTpHwhVO13I04mhndl1rFZkyrQNQzIYyB3BaOycptDwVKx%2FMQtj7u1b%2FUaHMfUXBtI3Pu0DoHG9Pv1WBKJ4Lzr02CGeZP%2Fd8O5ME8orzVohnJL3d6amMm%2BOrl7DmfgcL4g%2B7%2Ff1jW3PgkNtHed57nmjPQj0bN%2Fygq2czOM7Rwy3Hkhy%2FViMBmUw%3D%3D
[debug] [2024-04-30T22:00:54.108Z] >>> [apiv2][body] PUT https://storage.googleapis.com/gcf-v2-uploads-248413793990-us-central1/7016682b-1e64-47ce-a4aa-8546b5d6ee48.zip [stream]
[debug] [2024-04-30T22:00:54.450Z] <<< [apiv2][status] PUT https://storage.googleapis.com/gcf-v2-uploads-248413793990-us-central1/7016682b-1e64-47ce-a4aa-8546b5d6ee48.zip 200
[debug] [2024-04-30T22:00:54.451Z] <<< [apiv2][body] PUT https://storage.googleapis.com/gcf-v2-uploads-248413793990-us-central1/7016682b-1e64-47ce-a4aa-8546b5d6ee48.zip [omitted]
[info] +  functions: . folder uploaded successfully 
[info] i  functions: updating Node.js 18 (2nd Gen) function app(us-central1)... 
[debug] [2024-04-30T22:00:54.458Z] >>> [apiv2][query] PATCH https://cloudfunctions.googleapis.com/v2/projects/phoenixintranet-8d6e8/locations/us-central1/functions/app updateMask=name%2CbuildConfig.runtime%2CbuildConfig.entryPoint%2CbuildConfig.source.storageSource.bucket%2CbuildConfig.source.storageSource.object%2CbuildConfig.environmentVariables%2CbuildConfig.sourceToken%2CserviceConfig.environmentVariables%2CserviceConfig.ingressSettings%2CserviceConfig.timeoutSeconds%2CserviceConfig.serviceAccountEmail%2CserviceConfig.availableMemory%2CserviceConfig.minInstanceCount%2CserviceConfig.maxInstanceCount%2CserviceConfig.maxInstanceRequestConcurrency%2CserviceConfig.availableCpu%2CserviceConfig.vpcConnector%2CserviceConfig.vpcConnectorEgressSettings%2Clabels%2CbuildConfig.buildEnvironmentVariables
[debug] [2024-04-30T22:00:54.458Z] >>> [apiv2][body] PATCH https://cloudfunctions.googleapis.com/v2/projects/phoenixintranet-8d6e8/locations/us-central1/functions/app {"name":"projects/phoenixintranet-8d6e8/locations/us-central1/functions/app","buildConfig":{"runtime":"nodejs18","entryPoint":"app","source":{"storageSource":{"bucket":"gcf-v2-uploads-248413793990-us-central1","object":"7016682b-1e64-47ce-a4aa-8546b5d6ee48.zip"}},"environmentVariables":{"GOOGLE_NODE_RUN_SCRIPTS":""}},"serviceConfig":{"environmentVariables":{"USER":"ue2bdic4eegqc","PASSWORD":"u5rfgnlgg7gh","HOST":"34.174.176.130","DBPORT":"5432","DBTESTING":"dbe79qvmzdswci","DBPRODUCTION":"db1ubupugxbiyg","ACCESS_TOKEN_SECRET":"c625b7c3dae5267c375b753d2b3443e77303711e7d6da763043791c1dc00467ccac205bf335e8bd3b4c304a7c313d33eefcf732fa3278aff653dfae0d1b621fb","REFRESH_TOKEN_SECRET":"8075798ff0e82a12bb72a5f34d2672e1aba0ac82034dc3c4c2f0ec73313f587145f8d20e57c03c19555907dab24046166c2c0ea93320886743c8487de3685742","SMTPUSER":"contact@phoenixbusorlando.com","SMTPPASS":"LetsWork$15","LOCALUSER":"postgres","LOCALPASSWORD":"mydatabasesqlpass","LOCALHOST":"localhost","LOCALDBNAME":"postgres","FIREBASE_CONFIG":"{\"projectId\":\"phoenixintranet-8d6e8\",\"storageBucket\":\"phoenixintranet-8d6e8.appspot.com\"}","GCLOUD_PROJECT":"phoenixintranet-8d6e8","EVENTARC_CLOUD_EVENT_SOURCE":"projects/phoenixintranet-8d6e8/locations/us-central1/services/app","FUNCTION_TARGET":"app"},"ingressSettings":null,"timeoutSeconds":null,"serviceAccountEmail":null,"availableMemory":"256Mi","minInstanceCount":null,"maxInstanceCount":null,"maxInstanceRequestConcurrency":80,"availableCpu":"1","vpcConnector":null,"vpcConnectorEgressSettings":null},"labels":{"deployment-tool":"cli-firebase","firebase-functions-hash":"098cac876606b946a493096a6443856e970869ab"}}
[debug] [2024-04-30T22:00:56.122Z] <<< [apiv2][status] PATCH https://cloudfunctions.googleapis.com/v2/projects/phoenixintranet-8d6e8/locations/us-central1/functions/app 200
[debug] [2024-04-30T22:00:56.122Z] <<< [apiv2][body] PATCH https://cloudfunctions.googleapis.com/v2/projects/phoenixintranet-8d6e8/locations/us-central1/functions/app {"name":"projects/phoenixintranet-8d6e8/locations/us-central1/operations/operation-1714514449567-6175780ba8f4d-8c27a536-36b6c244","metadata":{"@type":"type.googleapis.com/google.cloud.functions.v2.OperationMetadata","createTime":"2024-04-30T22:00:50.895012574Z","target":"projects/phoenixintranet-8d6e8/locations/us-central1/functions/app","verb":"update","cancelRequested":false,"apiVersion":"v2"},"done":false}
[debug] [2024-04-30T22:00:56.123Z] >>> [apiv2][query] GET https://cloudfunctions.googleapis.com/v2/projects/phoenixintranet-8d6e8/locations/us-central1/operations/operation-1714514449567-6175780ba8f4d-8c27a536-36b6c244 [none]
[debug] [2024-04-30T22:00:56.318Z] <<< [apiv2][status] GET https://cloudfunctions.googleapis.com/v2/projects/phoenixintranet-8d6e8/locations/us-central1/operations/operation-1714514449567-6175780ba8f4d-8c27a536-36b6c244 200
[debug] [2024-04-30T22:00:56.318Z] <<< [apiv2][body] GET https://cloudfunctions.googleapis.com/v2/projects/phoenixintranet-8d6e8/locations/us-central1/operations/operation-1714514449567-6175780ba8f4d-8c27a536-36b6c244 {"name":"projects/phoenixintranet-8d6e8/locations/us-central1/operations/operation-1714514449567-6175780ba8f4d-8c27a536-36b6c244","metadata":{"@type":"type.googleapis.com/google.cloud.functions.v2.OperationMetadata","createTime":"2024-04-30T22:00:50.895012574Z","target":"projects/phoenixintranet-8d6e8/locations/us-central1/functions/app","verb":"update","cancelRequested":false,"apiVersion":"v2","requestResource":{"@type":"type.googleapis.com/google.cloud.functions.v2.Function","name":"projects/phoenixintranet-8d6e8/locations/us-central1/functions/app","buildConfig":{"runtime":"nodejs18","entryPoint":"app","source":{"storageSource":{"bucket":"gcf-v2-sources-248413793990-us-central1","object":"app/function-source.zip","generation":"1714514450846712"}},"environmentVariables":{"GOOGLE_NODE_RUN_SCRIPTS":""},"dockerRepository":"projects/phoenixintranet-8d6e8/locations/us-central1/repositories/gcf-artifacts","sourceProvenance":{"resolvedStorageSource":{"bucket":"gcf-v2-sources-248413793990-us-central1","object":"app/function-source.zip","generation":"1713908990840295"}},"dockerRegistry":"ARTIFACT_REGISTRY"},"serviceConfig":{"service":"projects/phoenixintranet-8d6e8/locations/us-central1/services/app","timeoutSeconds":60,"environmentVariables":{"USER":"ue2bdic4eegqc","PASSWORD":"u5rfgnlgg7gh","HOST":"34.174.176.130","DBPORT":"5432","DBTESTING":"dbe79qvmzdswci","DBPRODUCTION":"db1ubupugxbiyg","ACCESS_TOKEN_SECRET":"c625b7c3dae5267c375b753d2b3443e77303711e7d6da763043791c1dc00467ccac205bf335e8bd3b4c304a7c313d33eefcf732fa3278aff653dfae0d1b621fb","REFRESH_TOKEN_SECRET":"8075798ff0e82a12bb72a5f34d2672e1aba0ac82034dc3c4c2f0ec73313f587145f8d20e57c03c19555907dab24046166c2c0ea93320886743c8487de3685742","SMTPUSER":"contact@phoenixbusorlando.com","SMTPPASS":"LetsWork$15","LOCALUSER":"postgres","LOCALPASSWORD":"mydatabasesqlpass","LOCALHOST":"localhost","LOCALDBNAME":"postgres","FIREBASE_CONFIG":"{\"projectId\":\"phoenixintranet-8d6e8\",\"storageBucket\":\"phoenixintranet-8d6e8.appspot.com\"}","GCLOUD_PROJECT":"phoenixintranet-8d6e8","EVENTARC_CLOUD_EVENT_SOURCE":"projects/phoenixintranet-8d6e8/locations/us-central1/services/app","FUNCTION_TARGET":"app"},"ingressSettings":"ALLOW_ALL","uri":"https://app-aybje326pa-uc.a.run.app","serviceAccountEmail":"248413793990-compute@developer.gserviceaccount.com","availableMemory":"256Mi","allTrafficOnLatestRevision":true,"revision":"app-00018-buf","maxInstanceRequestConcurrency":80,"availableCpu":"1"},"state":"ACTIVE","labels":{"deployment-tool":"cli-firebase","firebase-functions-hash":"098cac876606b946a493096a6443856e970869ab"},"environment":"GEN_2","url":"https://us-central1-phoenixintranet-8d6e8.cloudfunctions.net/app"},"stages":[{"name":"BUILD","state":"NOT_STARTED"},{"name":"SERVICE","state":"NOT_STARTED"}],"operationType":"UPDATE_FUNCTION"},"done":false}
[debug] [2024-04-30T22:00:56.831Z] [update-default-us-central1-app] Retrying task index 0
[debug] [2024-04-30T22:00:56.832Z] >>> [apiv2][query] GET https://cloudfunctions.googleapis.com/v2/projects/phoenixintranet-8d6e8/locations/us-central1/operations/operation-1714514449567-6175780ba8f4d-8c27a536-36b6c244 [none]
[debug] [2024-04-30T22:00:57.133Z] <<< [apiv2][status] GET https://cloudfunctions.googleapis.com/v2/projects/phoenixintranet-8d6e8/locations/us-central1/operations/operation-1714514449567-6175780ba8f4d-8c27a536-36b6c244 200
[debug] [2024-04-30T22:00:57.133Z] <<< [apiv2][body] GET https://cloudfunctions.googleapis.com/v2/projects/phoenixintranet-8d6e8/locations/us-central1/operations/operation-1714514449567-6175780ba8f4d-8c27a536-36b6c244 {"name":"projects/phoenixintranet-8d6e8/locations/us-central1/operations/operation-1714514449567-6175780ba8f4d-8c27a536-36b6c244","metadata":{"@type":"type.googleapis.com/google.cloud.functions.v2.OperationMetadata","createTime":"2024-04-30T22:00:50.895012574Z","target":"projects/phoenixintranet-8d6e8/locations/us-central1/functions/app","verb":"update","cancelRequested":false,"apiVersion":"v2","requestResource":{"@type":"type.googleapis.com/google.cloud.functions.v2.Function","name":"projects/phoenixintranet-8d6e8/locations/us-central1/functions/app","buildConfig":{"runtime":"nodejs18","entryPoint":"app","source":{"storageSource":{"bucket":"gcf-v2-sources-248413793990-us-central1","object":"app/function-source.zip","generation":"1714514450846712"}},"environmentVariables":{"GOOGLE_NODE_RUN_SCRIPTS":""},"dockerRepository":"projects/phoenixintranet-8d6e8/locations/us-central1/repositories/gcf-artifacts","sourceProvenance":{"resolvedStorageSource":{"bucket":"gcf-v2-sources-248413793990-us-central1","object":"app/function-source.zip","generation":"1713908990840295"}},"dockerRegistry":"ARTIFACT_REGISTRY"},"serviceConfig":{"service":"projects/phoenixintranet-8d6e8/locations/us-central1/services/app","timeoutSeconds":60,"environmentVariables":{"USER":"ue2bdic4eegqc","PASSWORD":"u5rfgnlgg7gh","HOST":"34.174.176.130","DBPORT":"5432","DBTESTING":"dbe79qvmzdswci","DBPRODUCTION":"db1ubupugxbiyg","ACCESS_TOKEN_SECRET":"c625b7c3dae5267c375b753d2b3443e77303711e7d6da763043791c1dc00467ccac205bf335e8bd3b4c304a7c313d33eefcf732fa3278aff653dfae0d1b621fb","REFRESH_TOKEN_SECRET":"8075798ff0e82a12bb72a5f34d2672e1aba0ac82034dc3c4c2f0ec73313f587145f8d20e57c03c19555907dab24046166c2c0ea93320886743c8487de3685742","SMTPUSER":"contact@phoenixbusorlando.com","SMTPPASS":"LetsWork$15","LOCALUSER":"postgres","LOCALPASSWORD":"mydatabasesqlpass","LOCALHOST":"localhost","LOCALDBNAME":"postgres","FIREBASE_CONFIG":"{\"projectId\":\"phoenixintranet-8d6e8\",\"storageBucket\":\"phoenixintranet-8d6e8.appspot.com\"}","GCLOUD_PROJECT":"phoenixintranet-8d6e8","EVENTARC_CLOUD_EVENT_SOURCE":"projects/phoenixintranet-8d6e8/locations/us-central1/services/app","FUNCTION_TARGET":"app"},"ingressSettings":"ALLOW_ALL","uri":"https://app-aybje326pa-uc.a.run.app","serviceAccountEmail":"248413793990-compute@developer.gserviceaccount.com","availableMemory":"256Mi","allTrafficOnLatestRevision":true,"revision":"app-00018-buf","maxInstanceRequestConcurrency":80,"availableCpu":"1"},"state":"ACTIVE","labels":{"deployment-tool":"cli-firebase","firebase-functions-hash":"098cac876606b946a493096a6443856e970869ab"},"environment":"GEN_2","url":"https://us-central1-phoenixintranet-8d6e8.cloudfunctions.net/app"},"stages":[{"name":"BUILD","message":"Creating build","state":"IN_PROGRESS","resource":"projects/248413793990/locations/us-central1/builds/9a13cef3-094c-4e60-b00a-3b93f355b251","resourceUri":"https://console.cloud.google.com/cloud-build/builds;region=us-central1/9a13cef3-094c-4e60-b00a-3b93f355b251?project=248413793990"},{"name":"SERVICE","state":"NOT_STARTED"}],"operationType":"UPDATE_FUNCTION"},"done":false}
[debug] [2024-04-30T22:00:58.149Z] [update-default-us-central1-app] Retrying task index 0
[debug] [2024-04-30T22:00:58.149Z] >>> [apiv2][query] GET https://cloudfunctions.googleapis.com/v2/projects/phoenixintranet-8d6e8/locations/us-central1/operations/operation-1714514449567-6175780ba8f4d-8c27a536-36b6c244 [none]
[debug] [2024-04-30T22:00:58.455Z] <<< [apiv2][status] GET https://cloudfunctions.googleapis.com/v2/projects/phoenixintranet-8d6e8/locations/us-central1/operations/operation-1714514449567-6175780ba8f4d-8c27a536-36b6c244 200
[debug] [2024-04-30T22:00:58.455Z] <<< [apiv2][body] GET https://cloudfunctions.googleapis.com/v2/projects/phoenixintranet-8d6e8/locations/us-central1/operations/operation-1714514449567-6175780ba8f4d-8c27a536-36b6c244 {"name":"projects/phoenixintranet-8d6e8/locations/us-central1/operations/operation-1714514449567-6175780ba8f4d-8c27a536-36b6c244","metadata":{"@type":"type.googleapis.com/google.cloud.functions.v2.OperationMetadata","createTime":"2024-04-30T22:00:50.895012574Z","target":"projects/phoenixintranet-8d6e8/locations/us-central1/functions/app","verb":"update","cancelRequested":false,"apiVersion":"v2","requestResource":{"@type":"type.googleapis.com/google.cloud.functions.v2.Function","name":"projects/phoenixintranet-8d6e8/locations/us-central1/functions/app","buildConfig":{"runtime":"nodejs18","entryPoint":"app","source":{"storageSource":{"bucket":"gcf-v2-sources-248413793990-us-central1","object":"app/function-source.zip","generation":"1714514450846712"}},"environmentVariables":{"GOOGLE_NODE_RUN_SCRIPTS":""},"dockerRepository":"projects/phoenixintranet-8d6e8/locations/us-central1/repositories/gcf-artifacts","sourceProvenance":{"resolvedStorageSource":{"bucket":"gcf-v2-sources-248413793990-us-central1","object":"app/function-source.zip","generation":"1713908990840295"}},"dockerRegistry":"ARTIFACT_REGISTRY"},"serviceConfig":{"service":"projects/phoenixintranet-8d6e8/locations/us-central1/services/app","timeoutSeconds":60,"environmentVariables":{"USER":"ue2bdic4eegqc","PASSWORD":"u5rfgnlgg7gh","HOST":"34.174.176.130","DBPORT":"5432","DBTESTING":"dbe79qvmzdswci","DBPRODUCTION":"db1ubupugxbiyg","ACCESS_TOKEN_SECRET":"c625b7c3dae5267c375b753d2b3443e77303711e7d6da763043791c1dc00467ccac205bf335e8bd3b4c304a7c313d33eefcf732fa3278aff653dfae0d1b621fb","REFRESH_TOKEN_SECRET":"8075798ff0e82a12bb72a5f34d2672e1aba0ac82034dc3c4c2f0ec73313f587145f8d20e57c03c19555907dab24046166c2c0ea93320886743c8487de3685742","SMTPUSER":"contact@phoenixbusorlando.com","SMTPPASS":"LetsWork$15","LOCALUSER":"postgres","LOCALPASSWORD":"mydatabasesqlpass","LOCALHOST":"localhost","LOCALDBNAME":"postgres","FIREBASE_CONFIG":"{\"projectId\":\"phoenixintranet-8d6e8\",\"storageBucket\":\"phoenixintranet-8d6e8.appspot.com\"}","GCLOUD_PROJECT":"phoenixintranet-8d6e8","EVENTARC_CLOUD_EVENT_SOURCE":"projects/phoenixintranet-8d6e8/locations/us-central1/services/app","FUNCTION_TARGET":"app"},"ingressSettings":"ALLOW_ALL","uri":"https://app-aybje326pa-uc.a.run.app","serviceAccountEmail":"248413793990-compute@developer.gserviceaccount.com","availableMemory":"256Mi","allTrafficOnLatestRevision":true,"revision":"app-00018-buf","maxInstanceRequestConcurrency":80,"availableCpu":"1"},"state":"ACTIVE","labels":{"deployment-tool":"cli-firebase","firebase-functions-hash":"098cac876606b946a493096a6443856e970869ab"},"environment":"GEN_2","url":"https://us-central1-phoenixintranet-8d6e8.cloudfunctions.net/app"},"stages":[{"name":"BUILD","message":"Build in progress","state":"IN_PROGRESS","resource":"projects/248413793990/locations/us-central1/builds/9a13cef3-094c-4e60-b00a-3b93f355b251","resourceUri":"https://console.cloud.google.com/cloud-build/builds;region=us-central1/9a13cef3-094c-4e60-b00a-3b93f355b251?project=248413793990"},{"name":"SERVICE","state":"NOT_STARTED"}],"operationType":"UPDATE_FUNCTION"},"done":false}
[debug] [2024-04-30T22:01:00.460Z] [update-default-us-central1-app] Retrying task index 0
[debug] [2024-04-30T22:01:00.461Z] >>> [apiv2][query] GET https://cloudfunctions.googleapis.com/v2/projects/phoenixintranet-8d6e8/locations/us-central1/operations/operation-1714514449567-6175780ba8f4d-8c27a536-36b6c244 [none]
[debug] [2024-04-30T22:01:00.841Z] <<< [apiv2][status] GET https://cloudfunctions.googleapis.com/v2/projects/phoenixintranet-8d6e8/locations/us-central1/operations/operation-1714514449567-6175780ba8f4d-8c27a536-36b6c244 200
[debug] [2024-04-30T22:01:00.841Z] <<< [apiv2][body] GET https://cloudfunctions.googleapis.com/v2/projects/phoenixintranet-8d6e8/locations/us-central1/operations/operation-1714514449567-6175780ba8f4d-8c27a536-36b6c244 {"name":"projects/phoenixintranet-8d6e8/locations/us-central1/operations/operation-1714514449567-6175780ba8f4d-8c27a536-36b6c244","metadata":{"@type":"type.googleapis.com/google.cloud.functions.v2.OperationMetadata","createTime":"2024-04-30T22:00:50.895012574Z","target":"projects/phoenixintranet-8d6e8/locations/us-central1/functions/app","verb":"update","cancelRequested":false,"apiVersion":"v2","requestResource":{"@type":"type.googleapis.com/google.cloud.functions.v2.Function","name":"projects/phoenixintranet-8d6e8/locations/us-central1/functions/app","buildConfig":{"runtime":"nodejs18","entryPoint":"app","source":{"storageSource":{"bucket":"gcf-v2-sources-248413793990-us-central1","object":"app/function-source.zip","generation":"1714514450846712"}},"environmentVariables":{"GOOGLE_NODE_RUN_SCRIPTS":""},"dockerRepository":"projects/phoenixintranet-8d6e8/locations/us-central1/repositories/gcf-artifacts","sourceProvenance":{"resolvedStorageSource":{"bucket":"gcf-v2-sources-248413793990-us-central1","object":"app/function-source.zip","generation":"1713908990840295"}},"dockerRegistry":"ARTIFACT_REGISTRY"},"serviceConfig":{"service":"projects/phoenixintranet-8d6e8/locations/us-central1/services/app","timeoutSeconds":60,"environmentVariables":{"USER":"ue2bdic4eegqc","PASSWORD":"u5rfgnlgg7gh","HOST":"34.174.176.130","DBPORT":"5432","DBTESTING":"dbe79qvmzdswci","DBPRODUCTION":"db1ubupugxbiyg","ACCESS_TOKEN_SECRET":"c625b7c3dae5267c375b753d2b3443e77303711e7d6da763043791c1dc00467ccac205bf335e8bd3b4c304a7c313d33eefcf732fa3278aff653dfae0d1b621fb","REFRESH_TOKEN_SECRET":"8075798ff0e82a12bb72a5f34d2672e1aba0ac82034dc3c4c2f0ec73313f587145f8d20e57c03c19555907dab24046166c2c0ea93320886743c8487de3685742","SMTPUSER":"contact@phoenixbusorlando.com","SMTPPASS":"LetsWork$15","LOCALUSER":"postgres","LOCALPASSWORD":"mydatabasesqlpass","LOCALHOST":"localhost","LOCALDBNAME":"postgres","FIREBASE_CONFIG":"{\"projectId\":\"phoenixintranet-8d6e8\",\"storageBucket\":\"phoenixintranet-8d6e8.appspot.com\"}","GCLOUD_PROJECT":"phoenixintranet-8d6e8","EVENTARC_CLOUD_EVENT_SOURCE":"projects/phoenixintranet-8d6e8/locations/us-central1/services/app","FUNCTION_TARGET":"app"},"ingressSettings":"ALLOW_ALL","uri":"https://app-aybje326pa-uc.a.run.app","serviceAccountEmail":"248413793990-compute@developer.gserviceaccount.com","availableMemory":"256Mi","allTrafficOnLatestRevision":true,"revision":"app-00018-buf","maxInstanceRequestConcurrency":80,"availableCpu":"1"},"state":"ACTIVE","labels":{"deployment-tool":"cli-firebase","firebase-functions-hash":"098cac876606b946a493096a6443856e970869ab"},"environment":"GEN_2","url":"https://us-central1-phoenixintranet-8d6e8.cloudfunctions.net/app"},"stages":[{"name":"BUILD","message":"Build in progress","state":"IN_PROGRESS","resource":"projects/248413793990/locations/us-central1/builds/9a13cef3-094c-4e60-b00a-3b93f355b251","resourceUri":"https://console.cloud.google.com/cloud-build/builds;region=us-central1/9a13cef3-094c-4e60-b00a-3b93f355b251?project=248413793990"},{"name":"SERVICE","state":"NOT_STARTED"}],"operationType":"UPDATE_FUNCTION"},"done":false}
[debug] [2024-04-30T22:01:04.851Z] [update-default-us-central1-app] Retrying task index 0
[debug] [2024-04-30T22:01:04.852Z] >>> [apiv2][query] GET https://cloudfunctions.googleapis.com/v2/projects/phoenixintranet-8d6e8/locations/us-central1/operations/operation-1714514449567-6175780ba8f4d-8c27a536-36b6c244 [none]
[debug] [2024-04-30T22:01:05.206Z] <<< [apiv2][status] GET https://cloudfunctions.googleapis.com/v2/projects/phoenixintranet-8d6e8/locations/us-central1/operations/operation-1714514449567-6175780ba8f4d-8c27a536-36b6c244 200
[debug] [2024-04-30T22:01:05.206Z] <<< [apiv2][body] GET https://cloudfunctions.googleapis.com/v2/projects/phoenixintranet-8d6e8/locations/us-central1/operations/operation-1714514449567-6175780ba8f4d-8c27a536-36b6c244 {"name":"projects/phoenixintranet-8d6e8/locations/us-central1/operations/operation-1714514449567-6175780ba8f4d-8c27a536-36b6c244","metadata":{"@type":"type.googleapis.com/google.cloud.functions.v2.OperationMetadata","createTime":"2024-04-30T22:00:50.895012574Z","target":"projects/phoenixintranet-8d6e8/locations/us-central1/functions/app","verb":"update","cancelRequested":false,"apiVersion":"v2","requestResource":{"@type":"type.googleapis.com/google.cloud.functions.v2.Function","name":"projects/phoenixintranet-8d6e8/locations/us-central1/functions/app","buildConfig":{"runtime":"nodejs18","entryPoint":"app","source":{"storageSource":{"bucket":"gcf-v2-sources-248413793990-us-central1","object":"app/function-source.zip","generation":"1714514450846712"}},"environmentVariables":{"GOOGLE_NODE_RUN_SCRIPTS":""},"dockerRepository":"projects/phoenixintranet-8d6e8/locations/us-central1/repositories/gcf-artifacts","sourceProvenance":{"resolvedStorageSource":{"bucket":"gcf-v2-sources-248413793990-us-central1","object":"app/function-source.zip","generation":"1713908990840295"}},"dockerRegistry":"ARTIFACT_REGISTRY"},"serviceConfig":{"service":"projects/phoenixintranet-8d6e8/locations/us-central1/services/app","timeoutSeconds":60,"environmentVariables":{"USER":"ue2bdic4eegqc","PASSWORD":"u5rfgnlgg7gh","HOST":"34.174.176.130","DBPORT":"5432","DBTESTING":"dbe79qvmzdswci","DBPRODUCTION":"db1ubupugxbiyg","ACCESS_TOKEN_SECRET":"c625b7c3dae5267c375b753d2b3443e77303711e7d6da763043791c1dc00467ccac205bf335e8bd3b4c304a7c313d33eefcf732fa3278aff653dfae0d1b621fb","REFRESH_TOKEN_SECRET":"8075798ff0e82a12bb72a5f34d2672e1aba0ac82034dc3c4c2f0ec73313f587145f8d20e57c03c19555907dab24046166c2c0ea93320886743c8487de3685742","SMTPUSER":"contact@phoenixbusorlando.com","SMTPPASS":"LetsWork$15","LOCALUSER":"postgres","LOCALPASSWORD":"mydatabasesqlpass","LOCALHOST":"localhost","LOCALDBNAME":"postgres","FIREBASE_CONFIG":"{\"projectId\":\"phoenixintranet-8d6e8\",\"storageBucket\":\"phoenixintranet-8d6e8.appspot.com\"}","GCLOUD_PROJECT":"phoenixintranet-8d6e8","EVENTARC_CLOUD_EVENT_SOURCE":"projects/phoenixintranet-8d6e8/locations/us-central1/services/app","FUNCTION_TARGET":"app"},"ingressSettings":"ALLOW_ALL","uri":"https://app-aybje326pa-uc.a.run.app","serviceAccountEmail":"248413793990-compute@developer.gserviceaccount.com","availableMemory":"256Mi","allTrafficOnLatestRevision":true,"revision":"app-00018-buf","maxInstanceRequestConcurrency":80,"availableCpu":"1"},"state":"ACTIVE","labels":{"deployment-tool":"cli-firebase","firebase-functions-hash":"098cac876606b946a493096a6443856e970869ab"},"environment":"GEN_2","url":"https://us-central1-phoenixintranet-8d6e8.cloudfunctions.net/app"},"stages":[{"name":"BUILD","message":"Build in progress","state":"IN_PROGRESS","resource":"projects/248413793990/locations/us-central1/builds/9a13cef3-094c-4e60-b00a-3b93f355b251","resourceUri":"https://console.cloud.google.com/cloud-build/builds;region=us-central1/9a13cef3-094c-4e60-b00a-3b93f355b251?project=248413793990"},{"name":"SERVICE","state":"NOT_STARTED"}],"operationType":"UPDATE_FUNCTION"},"done":false}
[debug] [2024-04-30T22:01:13.211Z] [update-default-us-central1-app] Retrying task index 0
[debug] [2024-04-30T22:01:13.212Z] >>> [apiv2][query] GET https://cloudfunctions.googleapis.com/v2/projects/phoenixintranet-8d6e8/locations/us-central1/operations/operation-1714514449567-6175780ba8f4d-8c27a536-36b6c244 [none]
[debug] [2024-04-30T22:01:13.420Z] <<< [apiv2][status] GET https://cloudfunctions.googleapis.com/v2/projects/phoenixintranet-8d6e8/locations/us-central1/operations/operation-1714514449567-6175780ba8f4d-8c27a536-36b6c244 200
[debug] [2024-04-30T22:01:13.420Z] <<< [apiv2][body] GET https://cloudfunctions.googleapis.com/v2/projects/phoenixintranet-8d6e8/locations/us-central1/operations/operation-1714514449567-6175780ba8f4d-8c27a536-36b6c244 {"name":"projects/phoenixintranet-8d6e8/locations/us-central1/operations/operation-1714514449567-6175780ba8f4d-8c27a536-36b6c244","metadata":{"@type":"type.googleapis.com/google.cloud.functions.v2.OperationMetadata","createTime":"2024-04-30T22:00:50.895012574Z","target":"projects/phoenixintranet-8d6e8/locations/us-central1/functions/app","verb":"update","cancelRequested":false,"apiVersion":"v2","requestResource":{"@type":"type.googleapis.com/google.cloud.functions.v2.Function","name":"projects/phoenixintranet-8d6e8/locations/us-central1/functions/app","buildConfig":{"runtime":"nodejs18","entryPoint":"app","source":{"storageSource":{"bucket":"gcf-v2-sources-248413793990-us-central1","object":"app/function-source.zip","generation":"1714514450846712"}},"environmentVariables":{"GOOGLE_NODE_RUN_SCRIPTS":""},"dockerRepository":"projects/phoenixintranet-8d6e8/locations/us-central1/repositories/gcf-artifacts","sourceProvenance":{"resolvedStorageSource":{"bucket":"gcf-v2-sources-248413793990-us-central1","object":"app/function-source.zip","generation":"1713908990840295"}},"dockerRegistry":"ARTIFACT_REGISTRY"},"serviceConfig":{"service":"projects/phoenixintranet-8d6e8/locations/us-central1/services/app","timeoutSeconds":60,"environmentVariables":{"USER":"ue2bdic4eegqc","PASSWORD":"u5rfgnlgg7gh","HOST":"34.174.176.130","DBPORT":"5432","DBTESTING":"dbe79qvmzdswci","DBPRODUCTION":"db1ubupugxbiyg","ACCESS_TOKEN_SECRET":"c625b7c3dae5267c375b753d2b3443e77303711e7d6da763043791c1dc00467ccac205bf335e8bd3b4c304a7c313d33eefcf732fa3278aff653dfae0d1b621fb","REFRESH_TOKEN_SECRET":"8075798ff0e82a12bb72a5f34d2672e1aba0ac82034dc3c4c2f0ec73313f587145f8d20e57c03c19555907dab24046166c2c0ea93320886743c8487de3685742","SMTPUSER":"contact@phoenixbusorlando.com","SMTPPASS":"LetsWork$15","LOCALUSER":"postgres","LOCALPASSWORD":"mydatabasesqlpass","LOCALHOST":"localhost","LOCALDBNAME":"postgres","FIREBASE_CONFIG":"{\"projectId\":\"phoenixintranet-8d6e8\",\"storageBucket\":\"phoenixintranet-8d6e8.appspot.com\"}","GCLOUD_PROJECT":"phoenixintranet-8d6e8","EVENTARC_CLOUD_EVENT_SOURCE":"projects/phoenixintranet-8d6e8/locations/us-central1/services/app","FUNCTION_TARGET":"app"},"ingressSettings":"ALLOW_ALL","uri":"https://app-aybje326pa-uc.a.run.app","serviceAccountEmail":"248413793990-compute@developer.gserviceaccount.com","availableMemory":"256Mi","allTrafficOnLatestRevision":true,"revision":"app-00018-buf","maxInstanceRequestConcurrency":80,"availableCpu":"1"},"state":"ACTIVE","labels":{"deployment-tool":"cli-firebase","firebase-functions-hash":"098cac876606b946a493096a6443856e970869ab"},"environment":"GEN_2","url":"https://us-central1-phoenixintranet-8d6e8.cloudfunctions.net/app"},"stages":[{"name":"BUILD","message":"Build in progress","state":"IN_PROGRESS","resource":"projects/248413793990/locations/us-central1/builds/9a13cef3-094c-4e60-b00a-3b93f355b251","resourceUri":"https://console.cloud.google.com/cloud-build/builds;region=us-central1/9a13cef3-094c-4e60-b00a-3b93f355b251?project=248413793990"},{"name":"SERVICE","state":"NOT_STARTED"}],"operationType":"UPDATE_FUNCTION"},"done":false}
[debug] [2024-04-30T22:01:23.422Z] [update-default-us-central1-app] Retrying task index 0
[debug] [2024-04-30T22:01:23.423Z] >>> [apiv2][query] GET https://cloudfunctions.googleapis.com/v2/projects/phoenixintranet-8d6e8/locations/us-central1/operations/operation-1714514449567-6175780ba8f4d-8c27a536-36b6c244 [none]
[debug] [2024-04-30T22:01:23.742Z] <<< [apiv2][status] GET https://cloudfunctions.googleapis.com/v2/projects/phoenixintranet-8d6e8/locations/us-central1/operations/operation-1714514449567-6175780ba8f4d-8c27a536-36b6c244 200
[debug] [2024-04-30T22:01:23.742Z] <<< [apiv2][body] GET https://cloudfunctions.googleapis.com/v2/projects/phoenixintranet-8d6e8/locations/us-central1/operations/operation-1714514449567-6175780ba8f4d-8c27a536-36b6c244 {"name":"projects/phoenixintranet-8d6e8/locations/us-central1/operations/operation-1714514449567-6175780ba8f4d-8c27a536-36b6c244","metadata":{"@type":"type.googleapis.com/google.cloud.functions.v2.OperationMetadata","createTime":"2024-04-30T22:00:50.895012574Z","target":"projects/phoenixintranet-8d6e8/locations/us-central1/functions/app","verb":"update","cancelRequested":false,"apiVersion":"v2","requestResource":{"@type":"type.googleapis.com/google.cloud.functions.v2.Function","name":"projects/phoenixintranet-8d6e8/locations/us-central1/functions/app","buildConfig":{"runtime":"nodejs18","entryPoint":"app","source":{"storageSource":{"bucket":"gcf-v2-sources-248413793990-us-central1","object":"app/function-source.zip","generation":"1714514450846712"}},"environmentVariables":{"GOOGLE_NODE_RUN_SCRIPTS":""},"dockerRepository":"projects/phoenixintranet-8d6e8/locations/us-central1/repositories/gcf-artifacts","sourceProvenance":{"resolvedStorageSource":{"bucket":"gcf-v2-sources-248413793990-us-central1","object":"app/function-source.zip","generation":"1713908990840295"}},"dockerRegistry":"ARTIFACT_REGISTRY"},"serviceConfig":{"service":"projects/phoenixintranet-8d6e8/locations/us-central1/services/app","timeoutSeconds":60,"environmentVariables":{"USER":"ue2bdic4eegqc","PASSWORD":"u5rfgnlgg7gh","HOST":"34.174.176.130","DBPORT":"5432","DBTESTING":"dbe79qvmzdswci","DBPRODUCTION":"db1ubupugxbiyg","ACCESS_TOKEN_SECRET":"c625b7c3dae5267c375b753d2b3443e77303711e7d6da763043791c1dc00467ccac205bf335e8bd3b4c304a7c313d33eefcf732fa3278aff653dfae0d1b621fb","REFRESH_TOKEN_SECRET":"8075798ff0e82a12bb72a5f34d2672e1aba0ac82034dc3c4c2f0ec73313f587145f8d20e57c03c19555907dab24046166c2c0ea93320886743c8487de3685742","SMTPUSER":"contact@phoenixbusorlando.com","SMTPPASS":"LetsWork$15","LOCALUSER":"postgres","LOCALPASSWORD":"mydatabasesqlpass","LOCALHOST":"localhost","LOCALDBNAME":"postgres","FIREBASE_CONFIG":"{\"projectId\":\"phoenixintranet-8d6e8\",\"storageBucket\":\"phoenixintranet-8d6e8.appspot.com\"}","GCLOUD_PROJECT":"phoenixintranet-8d6e8","EVENTARC_CLOUD_EVENT_SOURCE":"projects/phoenixintranet-8d6e8/locations/us-central1/services/app","FUNCTION_TARGET":"app"},"ingressSettings":"ALLOW_ALL","uri":"https://app-aybje326pa-uc.a.run.app","serviceAccountEmail":"248413793990-compute@developer.gserviceaccount.com","availableMemory":"256Mi","allTrafficOnLatestRevision":true,"revision":"app-00018-buf","maxInstanceRequestConcurrency":80,"availableCpu":"1"},"state":"ACTIVE","labels":{"deployment-tool":"cli-firebase","firebase-functions-hash":"098cac876606b946a493096a6443856e970869ab"},"environment":"GEN_2","url":"https://us-central1-phoenixintranet-8d6e8.cloudfunctions.net/app"},"stages":[{"name":"BUILD","message":"Build in progress","state":"IN_PROGRESS","resource":"projects/248413793990/locations/us-central1/builds/9a13cef3-094c-4e60-b00a-3b93f355b251","resourceUri":"https://console.cloud.google.com/cloud-build/builds;region=us-central1/9a13cef3-094c-4e60-b00a-3b93f355b251?project=248413793990"},{"name":"SERVICE","state":"NOT_STARTED"}],"operationType":"UPDATE_FUNCTION"},"done":false}
[debug] [2024-04-30T22:01:33.744Z] [update-default-us-central1-app] Retrying task index 0
[debug] [2024-04-30T22:01:33.746Z] >>> [apiv2][query] GET https://cloudfunctions.googleapis.com/v2/projects/phoenixintranet-8d6e8/locations/us-central1/operations/operation-1714514449567-6175780ba8f4d-8c27a536-36b6c244 [none]
[debug] [2024-04-30T22:01:34.034Z] <<< [apiv2][status] GET https://cloudfunctions.googleapis.com/v2/projects/phoenixintranet-8d6e8/locations/us-central1/operations/operation-1714514449567-6175780ba8f4d-8c27a536-36b6c244 200
[debug] [2024-04-30T22:01:34.034Z] <<< [apiv2][body] GET https://cloudfunctions.googleapis.com/v2/projects/phoenixintranet-8d6e8/locations/us-central1/operations/operation-1714514449567-6175780ba8f4d-8c27a536-36b6c244 {"name":"projects/phoenixintranet-8d6e8/locations/us-central1/operations/operation-1714514449567-6175780ba8f4d-8c27a536-36b6c244","metadata":{"@type":"type.googleapis.com/google.cloud.functions.v2.OperationMetadata","createTime":"2024-04-30T22:00:50.895012574Z","target":"projects/phoenixintranet-8d6e8/locations/us-central1/functions/app","verb":"update","cancelRequested":false,"apiVersion":"v2","requestResource":{"@type":"type.googleapis.com/google.cloud.functions.v2.Function","name":"projects/phoenixintranet-8d6e8/locations/us-central1/functions/app","buildConfig":{"runtime":"nodejs18","entryPoint":"app","source":{"storageSource":{"bucket":"gcf-v2-sources-248413793990-us-central1","object":"app/function-source.zip","generation":"1714514450846712"}},"environmentVariables":{"GOOGLE_NODE_RUN_SCRIPTS":""},"dockerRepository":"projects/phoenixintranet-8d6e8/locations/us-central1/repositories/gcf-artifacts","sourceProvenance":{"resolvedStorageSource":{"bucket":"gcf-v2-sources-248413793990-us-central1","object":"app/function-source.zip","generation":"1713908990840295"}},"dockerRegistry":"ARTIFACT_REGISTRY"},"serviceConfig":{"service":"projects/phoenixintranet-8d6e8/locations/us-central1/services/app","timeoutSeconds":60,"environmentVariables":{"USER":"ue2bdic4eegqc","PASSWORD":"u5rfgnlgg7gh","HOST":"34.174.176.130","DBPORT":"5432","DBTESTING":"dbe79qvmzdswci","DBPRODUCTION":"db1ubupugxbiyg","ACCESS_TOKEN_SECRET":"c625b7c3dae5267c375b753d2b3443e77303711e7d6da763043791c1dc00467ccac205bf335e8bd3b4c304a7c313d33eefcf732fa3278aff653dfae0d1b621fb","REFRESH_TOKEN_SECRET":"8075798ff0e82a12bb72a5f34d2672e1aba0ac82034dc3c4c2f0ec73313f587145f8d20e57c03c19555907dab24046166c2c0ea93320886743c8487de3685742","SMTPUSER":"contact@phoenixbusorlando.com","SMTPPASS":"LetsWork$15","LOCALUSER":"postgres","LOCALPASSWORD":"mydatabasesqlpass","LOCALHOST":"localhost","LOCALDBNAME":"postgres","FIREBASE_CONFIG":"{\"projectId\":\"phoenixintranet-8d6e8\",\"storageBucket\":\"phoenixintranet-8d6e8.appspot.com\"}","GCLOUD_PROJECT":"phoenixintranet-8d6e8","EVENTARC_CLOUD_EVENT_SOURCE":"projects/phoenixintranet-8d6e8/locations/us-central1/services/app","FUNCTION_TARGET":"app"},"ingressSettings":"ALLOW_ALL","uri":"https://app-aybje326pa-uc.a.run.app","serviceAccountEmail":"248413793990-compute@developer.gserviceaccount.com","availableMemory":"256Mi","allTrafficOnLatestRevision":true,"revision":"app-00018-buf","maxInstanceRequestConcurrency":80,"availableCpu":"1"},"state":"ACTIVE","labels":{"deployment-tool":"cli-firebase","firebase-functions-hash":"098cac876606b946a493096a6443856e970869ab"},"environment":"GEN_2","url":"https://us-central1-phoenixintranet-8d6e8.cloudfunctions.net/app"},"stages":[{"name":"BUILD","message":"Build in progress","state":"IN_PROGRESS","resource":"projects/248413793990/locations/us-central1/builds/9a13cef3-094c-4e60-b00a-3b93f355b251","resourceUri":"https://console.cloud.google.com/cloud-build/builds;region=us-central1/9a13cef3-094c-4e60-b00a-3b93f355b251?project=248413793990"},{"name":"SERVICE","state":"NOT_STARTED"}],"operationType":"UPDATE_FUNCTION"},"done":false}
